2022-08-24 14:41:44,226 : INFO : test_driver : Facebook – log in or sign up
2022-08-24 14:41:44,339 : INFO : test_login : Login Successfully
2022-08-24 14:41:50,455 : INFO : test_Home_page_user_name : User name validate Surbhi Agrahari
2022-08-24 14:41:56,139 : INFO : test_Setings_emai_id : Email validate smilysurbhi@gmail.com
2022-08-24 14:41:57,862 : INFO : test_Setings_emai_id : Total no. of user blocked - 2
2022-08-24 14:41:57,862 : INFO : test_Setings_emai_id : Total no. of user blocked - 2
2022-08-24 14:42:00,317 : INFO : test_logout : Logout Successfully
2022-08-24 14:42:50,292 : INFO : test_driver : Facebook – log in or sign up
2022-08-24 14:42:50,399 : INFO : test_login : Login Successfully
2022-08-24 14:42:54,984 : INFO : test_Home_page_user_name : User name validate Surbhi Agrahari
2022-08-24 14:43:04,974 : INFO : test_Setings_emai_id : Email validate smilysurbhi@gmail.com
2022-08-24 14:43:06,436 : INFO : test_Setings_emai_id : Total no. of user blocked - 2
2022-08-24 14:43:06,436 : INFO : test_Setings_emai_id : Total no. of user blocked - 2
2022-08-24 14:43:08,465 : INFO : test_logout : Logout Successfully
2022-08-24 14:43:54,611 : INFO : test_driver : Facebook – log in or sign up
2022-08-24 14:43:54,731 : INFO : test_login : Login Successfully
2022-08-24 14:43:59,854 : INFO : test_Home_page_user_name : User name validate Surbhi Agrahari
2022-08-24 14:44:05,327 : INFO : test_Setings_emai_id : Email validate smilysurbhi@gmail.com
2022-08-24 14:44:06,310 : INFO : test_Setings_emai_id : Total no. of user blocked - 2
2022-08-24 14:44:06,310 : INFO : test_Setings_emai_id : Total no. of user blocked - 2
2022-08-24 14:44:08,397 : INFO : test_logout : Logout Successfully
2022-08-24 14:44:56,334 : INFO : test_driver : Facebook – log in or sign up
2022-08-24 14:44:56,449 : INFO : test_login : Login Successfully
2022-08-24 14:45:01,226 : INFO : test_Home_page_user_name : User name validate Surbhi Agrahari
2022-08-24 14:45:07,897 : INFO : test_Setings_emai_id : Email validate smilysurbhi@gmail.com
2022-08-24 14:45:08,934 : INFO : test_Setings_emai_id : Total no. of user blocked - 2
2022-08-24 14:45:08,934 : INFO : test_Setings_emai_id : Total no. of user blocked - 2
2022-08-24 14:45:11,175 : INFO : test_logout : Logout Successfully
2022-08-24 14:45:50,634 : INFO : test_driver : Facebook – log in or sign up
2022-08-24 14:45:50,744 : INFO : test_login : Login Successfully
2022-08-24 14:45:54,973 : INFO : test_Home_page_user_name : User name validate Surbhi Agrahari
2022-08-24 14:46:00,922 : INFO : test_Setings_emai_id : Email validate smilysurbhi@gmail.com
2022-08-24 14:46:02,036 : INFO : test_Setings_emai_id : Total no. of user blocked - 2
2022-08-24 14:46:02,036 : INFO : test_Setings_emai_id : Total no. of user blocked - 2
2022-08-24 14:46:03,880 : INFO : test_logout : Logout Successfully
2022-08-24 14:50:28,783 : INFO : test_driver : Facebook – log in or sign up
2022-08-24 14:50:49,410 : INFO : wait_clickable : Message: 
Stacktrace:
#0 0x5635d63e3403 <unknown>
#1 0x5635d61e9778 <unknown>
#2 0x5635d6220c87 <unknown>
#3 0x5635d6220e51 <unknown>
#4 0x5635d6253f24 <unknown>
#5 0x5635d623ea2d <unknown>
#6 0x5635d6251c74 <unknown>
#7 0x5635d623e8f3 <unknown>
#8 0x5635d62140d8 <unknown>
#9 0x5635d6215205 <unknown>
#10 0x5635d642ae3d <unknown>
#11 0x5635d642ddb6 <unknown>
#12 0x5635d641413e <unknown>
#13 0x5635d642e9b5 <unknown>
#14 0x5635d6408970 <unknown>
#15 0x5635d644b228 <unknown>
#16 0x5635d644b3bf <unknown>
#17 0x5635d6465abe <unknown>
#18 0x7f8d3ad5e609 <unknown>

2022-08-24 14:52:33,063 : INFO : test_driver : Facebook – log in or sign up
2022-08-24 14:52:33,177 : INFO : test_login : Login Successfully
2022-08-24 14:52:37,025 : INFO : test_Home_page_user_name : User name validate Surbhi Agrahari
2022-08-24 14:52:42,523 : INFO : test_Setings_emai_id : Email validate smilysurbhi@gmail.com
2022-08-24 14:52:43,630 : INFO : test_Setings_emai_id : Total no. of user blocked - 2
2022-08-24 14:52:43,630 : INFO : test_Setings_emai_id : Total no. of user blocked - 2
2022-08-24 14:52:45,692 : INFO : test_logout : Logout Successfully
2022-08-24 14:53:53,981 : INFO : test_driver : Facebook – log in or sign up
2022-08-24 14:53:54,093 : INFO : test_login : Login Successfully
2022-08-24 14:53:58,105 : INFO : test_Home_page_user_name : User name validate Surbhi Agrahari
2022-08-24 14:54:03,578 : INFO : test_Setings_emai_id : Email validate smilysurbhi@gmail.com
2022-08-24 14:54:04,527 : INFO : test_Setings_emai_id : Total no. of user blocked - 2
2022-08-24 14:54:04,527 : INFO : test_Setings_emai_id : Total no. of user blocked - 2
2022-08-24 14:54:06,201 : INFO : test_logout : Logout Successfully
2022-08-24 14:58:52,707 : INFO : test_driver : Facebook – log in or sign up
2022-08-24 14:58:52,818 : INFO : test_login : Login Successfully
2022-08-24 14:58:57,261 : INFO : test_Home_page_user_name : User name validate Surbhi Agrahari
2022-08-24 14:59:02,701 : INFO : test_Setings_emai_id : Email validate smilysurbhi@gmail.com
2022-08-24 14:59:03,594 : INFO : test_Setings_emai_id : Total no. of user blocked - 2
2022-08-24 14:59:03,594 : INFO : test_Setings_emai_id : Total no. of user blocked - 2
2022-08-24 14:59:05,313 : INFO : test_logout : Logout Successfully
2022-08-24 15:56:26,587 : INFO : test_driver : Facebook – log in or sign up
2022-08-24 15:56:26,714 : INFO : test_login : Login Successfully
2022-08-24 15:56:31,373 : INFO : test_Home_page_user_name : User name validate Surbhi Agrahari
2022-08-24 15:56:36,861 : INFO : test_Setings_emai_id : Email validate smilysurbhi@gmail.com
2022-08-24 15:56:37,717 : INFO : test_Setings_emai_id : Total no. of user blocked - 2
2022-08-24 15:56:37,717 : INFO : test_Setings_emai_id : Total no. of user blocked - 2
2022-08-24 15:56:39,410 : INFO : test_logout : Logout Successfully
